<?xml version="1.0" encoding="UTF-8"?>
<!-- Generated by org.testng.reporters.JUnitXMLReporter -->
<testsuite ignored="0" hostname="Mac-mini-de-OUBILLUS.local" failures="4" tests="4" name="Au_Test" time="4.201" errors="0" timestamp="06 Dec 2017 17:28:32 GMT">
  <testcase classname="com.ifs.base.Setup" name="@AfterClass tearDown" time="0.0">
    <failure type="java.lang.NullPointerException">
      <![CDATA[java.lang.NullPointerException
	at com.ifs.base.Setup.tearDown(Setup.java:82)
... Removed 25 stack frames]]>
    </failure>
  </testcase> <!-- @AfterClass tearDown -->
  <testcase classname="com.ifs.tests.SignInPageTest" name="verifySignInEmpty" time="1.011">
    <failure type="java.lang.NullPointerException">
      <![CDATA[java.lang.NullPointerException
	at com.ifs.pageobjects.HomePage.isElementPresent(HomePage.java:67)
	at com.ifs.tests.SignInPageTest.verifySignInEmpty(SignInPageTest.java:33)
... Removed 25 stack frames]]>
    </failure>
  </testcase> <!-- verifySignInEmpty -->
  <testcase classname="com.ifs.tests.SignInPageTest" name="verifySignInSucessfully" time="1.005">
    <failure type="java.lang.NullPointerException">
      <![CDATA[java.lang.NullPointerException
	at com.ifs.pageobjects.HomePage.isElementPresent(HomePage.java:67)
	at com.ifs.tests.SignInPageTest.verifySignInSucessfully(SignInPageTest.java:68)
... Removed 25 stack frames]]>
    </failure>
  </testcase> <!-- verifySignInSucessfully -->
  <testcase classname="com.ifs.tests.SignInPageTest" name="verifySignInFailed" time="1.003">
    <failure type="java.lang.NullPointerException">
      <![CDATA[java.lang.NullPointerException
	at com.ifs.tests.SignInPageTest.verifySignInFailed(SignInPageTest.java:93)
... Removed 25 stack frames]]>
    </failure>
  </testcase> <!-- verifySignInFailed -->
  <testcase classname="com.ifs.tests.SignInPageTest" name="verifySignInSingleFailed" time="1.002">
    <failure type="java.lang.NullPointerException">
      <![CDATA[java.lang.NullPointerException
	at com.ifs.pageobjects.HomePage.isElementPresent(HomePage.java:67)
	at com.ifs.tests.SignInPageTest.verifySignInSingleFailed(SignInPageTest.java:50)
... Removed 25 stack frames]]>
    </failure>
  </testcase> <!-- verifySignInSingleFailed -->
</testsuite> <!-- Au_Test -->
